#
# There is insufficient memory for the Java Runtime Environment to continue.
# Native memory allocation (malloc) failed to allocate 2199856 bytes for Chunk::new
# Possible reasons:
#   The system is out of physical RAM or swap space
#   In 32 bit mode, the process size limit was hit
# Possible solutions:
#   Reduce memory load on the system
#   Increase physical memory or swap space
#   Check if swap backing store is full
#   Use 64 bit Java on a 64 bit OS
#   Decrease Java heap size (-Xmx/-Xms)
#   Decrease number of Java threads
#   Decrease Java thread stack sizes (-Xss)
#   Set larger code cache with -XX:ReservedCodeCacheSize=
# This output file may be truncated or incomplete.
#
#  Out of Memory Error (allocation.cpp:390), pid=5984, tid=0x000000000000228c
#
# JRE version: Java(TM) SE Runtime Environment (8.0_121-b13) (build 1.8.0_121-b13)
# Java VM: Java HotSpot(TM) 64-Bit Server VM (25.121-b13 mixed mode windows-amd64 compressed oops)
# Failed to write core dump. Minidumps are not enabled by default on client versions of Windows
#

---------------  T H R E A D  ---------------

Current thread (0x0000000055ed5000):  JavaThread "C2 CompilerThread0" daemon [_thread_in_native, id=8844, stack(0x0000000057730000,0x0000000057830000)]

Stack: [0x0000000057730000,0x0000000057830000]
[error occurred during error reporting (printing stack bounds), id 0xc0000005]

Native frames: (J=compiled Java code, j=interpreted, Vv=VM code, C=native code)


Current CompileTask:
C2:   3461  568       4       vectorTo2D.Canvas$Point::addPoint (166 bytes)


---------------  P R O C E S S  ---------------

Java Threads: ( => current thread )
  0x0000000057a25800 JavaThread "DestroyJavaVM" [_thread_blocked, id=6868, stack(0x00000000021c0000,0x00000000022c0000)]
  0x0000000057a25000 JavaThread "AWT-EventQueue-0" [_thread_in_Java, id=8700, stack(0x00000000598c0000,0x00000000599c0000)]
  0x0000000057a24000 JavaThread "AWT-Windows" daemon [_thread_in_native, id=3428, stack(0x0000000058e60000,0x0000000058f60000)]
  0x0000000057a23800 JavaThread "AWT-Shutdown" [_thread_blocked, id=8952, stack(0x0000000058c70000,0x0000000058d70000)]
  0x0000000057a22800 JavaThread "Java2D Disposer" daemon [_thread_blocked, id=7292, stack(0x0000000058b10000,0x0000000058c10000)]
  0x0000000057a21000 JavaThread "Service Thread" daemon [_thread_blocked, id=8872, stack(0x0000000057fa0000,0x00000000580a0000)]
  0x0000000057a20800 JavaThread "C1 CompilerThread2" daemon [_thread_blocked, id=8852, stack(0x00000000575c0000,0x00000000576c0000)]
  0x0000000055ede800 JavaThread "C2 CompilerThread1" daemon [_thread_in_native, id=8716, stack(0x0000000057920000,0x0000000057a20000)]
=>0x0000000055ed5000 JavaThread "C2 CompilerThread0" daemon [_thread_in_native, id=8844, stack(0x0000000057730000,0x0000000057830000)]
  0x0000000055ed3000 JavaThread "Attach Listener" daemon [_thread_blocked, id=8152, stack(0x00000000572f0000,0x00000000573f0000)]
  0x0000000055ecf800 JavaThread "Signal Dispatcher" daemon [_thread_blocked, id=7080, stack(0x0000000057470000,0x0000000057570000)]
  0x0000000055eb9000 JavaThread "Finalizer" daemon [_thread_blocked, id=8820, stack(0x00000000570a0000,0x00000000571a0000)]
  0x0000000055e72000 JavaThread "Reference Handler" daemon [_thread_blocked, id=8836, stack(0x0000000056fa0000,0x00000000570a0000)]

Other Threads:
  0x0000000055e6a800 VMThread [stack: 0x0000000056de0000,0x0000000056ee0000] [id=8328]
  0x0000000057acb000 WatcherThread [stack: 0x0000000058150000,0x0000000058250000] [id=8876]

VM state:not at safepoint (normal execution)

VM Mutex/Monitor currently owned by a thread: None

Heap:
 PSYoungGen      total 28160K, used 22569K [0x00000000e1100000, 0x00000000e4800000, 0x0000000100000000)
  eden space 24576K, 77% used [0x00000000e1100000,0x00000000e238c140,0x00000000e2900000)
  from space 3584K, 99% used [0x00000000e2900000,0x00000000e2c7e490,0x00000000e2c80000)
  to   space 3584K, 0% used [0x00000000e4480000,0x00000000e4480000,0x00000000e4800000)
 ParOldGen       total 64512K, used 13151K [0x00000000a3200000, 0x00000000a7100000, 0x00000000e1100000)
  object space 64512K, 20% used [0x00000000a3200000,0x00000000a3ed7f20,0x00000000a7100000)
 Metaspace       used 9680K, capacity 9858K, committed 10112K, reserved 1058816K
  class space    used 1243K, capacity 1319K, committed 1408K, reserved 1048576K

Card table byte_map: [0x0000000011950000,0x0000000011c40000] byte_map_base: 0x0000000011437000

Marking Bits: (ParMarkBitMap*) 0x00000000626db6d0
 Begin Bits: [0x0000000012380000, 0x0000000013ab8000)
 End Bits:   [0x0000000013ab8000, 0x00000000151f0000)

Polling page: 0x0000000000100000

CodeCache: size=245760Kb used=2218Kb max_used=2221Kb free=243541Kb
 bounds [0x0000000002590000, 0x0000000002800000, 0x0000000011590000]
 total_blobs=1015 nmethods=556 adapters=373
 compilation: enabled

Compilation events (10 events):
Event: 2.130 Thread 0x0000000055ed5000 nmethod 561 0x00000000027ae090 code [0x00000000027ae1e0, 0x00000000027ae5f8]
Event: 2.130 Thread 0x0000000055ed5000  558       4       sun.nio.cs.StreamEncoder::writeBytes (132 bytes)
Event: 2.272 Thread 0x0000000055ed5000 nmethod 558 0x00000000027bbe50 code [0x00000000027bbfe0, 0x00000000027bcd28]
Event: 2.272 Thread 0x0000000055ed5000  567       4       vectorTo2D.Vector3Dd::toVector3Di (23 bytes)
Event: 2.275 Thread 0x0000000055ed5000 nmethod 567 0x00000000027b1190 code [0x00000000027b12e0, 0x00000000027b1418]
Event: 2.275 Thread 0x0000000055ed5000  566       4       vectorTo2D.Vector3Di::add (35 bytes)
Event: 2.278 Thread 0x0000000055ed5000 nmethod 566 0x00000000027add50 code [0x00000000027adea0, 0x00000000027adf98]
Event: 2.278 Thread 0x0000000055ed5000  568       4       vectorTo2D.Canvas$Point::addPoint (166 bytes)
Event: 2.384 Thread 0x0000000057a20800  572       3       vectorTo2D.Canvas::drawLine (165 bytes)
Event: 2.390 Thread 0x0000000057a20800 nmethod 572 0x00000000027b4150 code [0x00000000027b4460, 0x00000000027b5998]

GC Heap History (2 events):
Event: 2.156 GC heap before
{Heap before GC invocations=1 (full 0):
 PSYoungGen      total 28160K, used 24576K [0x00000000e1100000, 0x00000000e3000000, 0x0000000100000000)
  eden space 24576K, 100% used [0x00000000e1100000,0x00000000e2900000,0x00000000e2900000)
  from space 3584K, 0% used [0x00000000e2c80000,0x00000000e2c80000,0x00000000e3000000)
  to   space 3584K, 0% used [0x00000000e2900000,0x00000000e2900000,0x00000000e2c80000)
 ParOldGen       total 64512K, used 0K [0x00000000a3200000, 0x00000000a7100000, 0x00000000e1100000)
  object space 64512K, 0% used [0x00000000a3200000,0x00000000a3200000,0x00000000a7100000)
 Metaspace       used 9678K, capacity 9858K, committed 10112K, reserved 1058816K
  class space    used 1243K, capacity 1319K, committed 1408K, reserved 1048576K
Event: 2.194 GC heap after
Heap after GC invocations=1 (full 0):
 PSYoungGen      total 28160K, used 3577K [0x00000000e1100000, 0x00000000e4800000, 0x0000000100000000)
  eden space 24576K, 0% used [0x00000000e1100000,0x00000000e1100000,0x00000000e2900000)
  from space 3584K, 99% used [0x00000000e2900000,0x00000000e2c7e490,0x00000000e2c80000)
  to   space 3584K, 0% used [0x00000000e4480000,0x00000000e4480000,0x00000000e4800000)
 ParOldGen       total 64512K, used 13151K [0x00000000a3200000, 0x00000000a7100000, 0x00000000e1100000)
  object space 64512K, 20% used [0x00000000a3200000,0x00000000a3ed7f20,0x00000000a7100000)
 Metaspace       used 9678K, capacity 9858K, committed 10112K, reserved 1058816K
  class space    used 1243K, capacity 1319K, committed 1408K, reserved 1048576K
}

Deoptimization events (1 events):
Event: 1.190 Thread 0x0000000001dae000 Uncommon trap: reason=null_check action=make_not_entrant pc=0x000000000270654c method=java.lang.String.equals(Ljava/lang/Object;)Z @ 8

Internal exceptions (10 events):
Event: 0.598 Thread 0x0000000001dae000 Exception <a 'java/lang/NoSuchMethodError': Method sun.misc.Unsafe.prefetchRead(Ljava/lang/Object;J)V name or signature does not match> (0x00000000e1107f90) thrown at [C:\re\workspace\8-2-build-windows-amd64-cygwin\jdk8u121\8372\hotspot\src\share\vm\prims
Event: 0.788 Thread 0x0000000001dae000 Exception <a 'java/security/PrivilegedActionException'> (0x00000000e1208048) thrown at [C:\re\workspace\8-2-build-windows-amd64-cygwin\jdk8u121\8372\hotspot\src\share\vm\prims\jvm.cpp, line 1390]
Event: 0.789 Thread 0x0000000001dae000 Exception <a 'java/security/PrivilegedActionException'> (0x00000000e1208258) thrown at [C:\re\workspace\8-2-build-windows-amd64-cygwin\jdk8u121\8372\hotspot\src\share\vm\prims\jvm.cpp, line 1390]
Event: 0.792 Thread 0x0000000001dae000 Exception <a 'java/security/PrivilegedActionException'> (0x00000000e120bec8) thrown at [C:\re\workspace\8-2-build-windows-amd64-cygwin\jdk8u121\8372\hotspot\src\share\vm\prims\jvm.cpp, line 1390]
Event: 0.792 Thread 0x0000000001dae000 Exception <a 'java/security/PrivilegedActionException'> (0x00000000e120c0d8) thrown at [C:\re\workspace\8-2-build-windows-amd64-cygwin\jdk8u121\8372\hotspot\src\share\vm\prims\jvm.cpp, line 1390]
Event: 0.800 Thread 0x0000000001dae000 Exception <a 'java/io/FileNotFoundException'> (0x00000000e120edd0) thrown at [C:\re\workspace\8-2-build-windows-amd64-cygwin\jdk8u121\8372\hotspot\src\share\vm\prims\jni.cpp, line 709]
Event: 0.943 Thread 0x0000000001dae000 Exception <a 'java/lang/NoSuchFieldError': method resolution failed> (0x00000000e12dd178) thrown at [C:\re\workspace\8-2-build-windows-amd64-cygwin\jdk8u121\8372\hotspot\src\share\vm\prims\methodHandles.cpp, line 1146]
Event: 0.972 Thread 0x0000000001dae000 Exception <a 'java/lang/NoSuchFieldError': method resolution failed> (0x00000000e12ea548) thrown at [C:\re\workspace\8-2-build-windows-amd64-cygwin\jdk8u121\8372\hotspot\src\share\vm\prims\methodHandles.cpp, line 1146]
Event: 1.122 Thread 0x0000000001dae000 Exception <a 'java/io/FileNotFoundException'> (0x00000000e137f790) thrown at [C:\re\workspace\8-2-build-windows-amd64-cygwin\jdk8u121\8372\hotspot\src\share\vm\prims\jni.cpp, line 709]
Event: 1.190 Thread 0x0000000001dae000 Implicit null exception at 0x000000000270638b to 0x000000000270653d

Events (10 events):
Event: 1.732 loading class vectorTo2D/Vector3Dd
Event: 1.732 loading class vectorTo2D/Vector3Dd done
Event: 1.957 Thread 0x0000000057a25000 DEOPT PACKING pc=0x00000000027a1d52 sp=0x00000000599bc3c0
Event: 1.957 Thread 0x0000000057a25000 DEOPT UNPACKING pc=0x00000000025d747f sp=0x00000000599bc0a8 mode 0
Event: 2.000 Thread 0x0000000057a25000 DEOPT PACKING pc=0x0000000002781a9b sp=0x00000000599bc380
Event: 2.000 Thread 0x0000000057a25000 DEOPT UNPACKING pc=0x00000000025d747f sp=0x00000000599bc0a0 mode 0
Event: 2.038 Thread 0x0000000057a25000 DEOPT PACKING pc=0x0000000002781a9b sp=0x00000000599bc380
Event: 2.038 Thread 0x0000000057a25000 DEOPT UNPACKING pc=0x00000000025d747f sp=0x00000000599bc0a0 mode 0
Event: 2.156 Executing VM operation: ParallelGCFailedAllocation
Event: 2.194 Executing VM operation: ParallelGCFailedAllocation done


Dynamic libraries:
0x000000013f4e0000 - 0x000000013f517000 	C:\Program Files\Java\jre1.8.0_121\bin\javaw.exe
0x00000000778e0000 - 0x0000000077a8a000 	C:\Windows\SYSTEM32\ntdll.dll
0x00000000776c0000 - 0x00000000777df000 	C:\Windows\system32\kernel32.dll
0x000007fefd9b0000 - 0x000007fefda1a000 	C:\Windows\system32\KERNELBASE.dll
0x000007fefef10000 - 0x000007fefefeb000 	C:\Windows\system32\ADVAPI32.dll
0x000007feffa50000 - 0x000007feffaef000 	C:\Windows\system32\msvcrt.dll
0x000007fefdb40000 - 0x000007fefdb5f000 	C:\Windows\SYSTEM32\sechost.dll
0x000007fefed90000 - 0x000007fefeebd000 	C:\Windows\system32\RPCRT4.dll
0x00000000777e0000 - 0x00000000778da000 	C:\Windows\system32\USER32.dll
0x000007fefda30000 - 0x000007fefda97000 	C:\Windows\system32\GDI32.dll
0x000007feff380000 - 0x000007feff38e000 	C:\Windows\system32\LPK.dll
0x000007feff0d0000 - 0x000007feff19a000 	C:\Windows\system32\USP10.dll
0x000007fefc060000 - 0x000007fefc254000 	C:\Windows\WinSxS\amd64_microsoft.windows.common-controls_6595b64144ccf1df_6.0.7601.18837_none_fa3b1e3d17594757\COMCTL32.dll
0x000007fefdcf0000 - 0x000007fefdd61000 	C:\Windows\system32\SHLWAPI.dll
0x000007feff350000 - 0x000007feff37e000 	C:\Windows\system32\IMM32.DLL
0x000007fefdbe0000 - 0x000007fefdce9000 	C:\Windows\system32\MSCTF.dll
0x0000000075120000 - 0x00000000751f2000 	C:\Program Files\Java\jre1.8.0_121\bin\msvcr100.dll
0x0000000061ec0000 - 0x000000006275b000 	C:\Program Files\Java\jre1.8.0_121\bin\server\jvm.dll
0x000007fef61c0000 - 0x000007fef61c9000 	C:\Windows\system32\WSOCK32.dll
0x000007fefeec0000 - 0x000007fefef0d000 	C:\Windows\system32\WS2_32.dll
0x000007fefda20000 - 0x000007fefda28000 	C:\Windows\system32\NSI.dll
0x000007fef7c20000 - 0x000007fef7c5b000 	C:\Windows\system32\WINMM.dll
0x000007fefc750000 - 0x000007fefc75c000 	C:\Windows\system32\VERSION.dll
0x0000000077ab0000 - 0x0000000077ab7000 	C:\Windows\system32\PSAPI.DLL
0x0000000075250000 - 0x000000007525f000 	C:\Program Files\Java\jre1.8.0_121\bin\verify.dll
0x000000006eb70000 - 0x000000006eb99000 	C:\Program Files\Java\jre1.8.0_121\bin\java.dll
0x000000006eb50000 - 0x000000006eb66000 	C:\Program Files\Java\jre1.8.0_121\bin\zip.dll
0x000007fefe000000 - 0x000007fefed8a000 	C:\Windows\system32\SHELL32.dll
0x000007feff840000 - 0x000007feffa43000 	C:\Windows\system32\ole32.dll
0x000007fefd660000 - 0x000007fefd66f000 	C:\Windows\system32\profapi.dll
0x000000005f1a0000 - 0x000000005f338000 	C:\Program Files\Java\jre1.8.0_121\bin\awt.dll
0x000007fefeff0000 - 0x000007feff0c8000 	C:\Windows\system32\OLEAUT32.dll
0x000007fefb940000 - 0x000007fefb958000 	C:\Windows\system32\DWMAPI.DLL
0x000007fef1760000 - 0x000007fef187d000 	C:\Windows\system32\opengl32.dll
0x000007fef7090000 - 0x000007fef70bd000 	C:\Windows\system32\GLU32.dll
0x000007fef0800000 - 0x000007fef08f1000 	C:\Windows\system32\DDRAW.dll
0x000007feface0000 - 0x000007feface8000 	C:\Windows\system32\DCIMAN32.dll
0x000007feff390000 - 0x000007feff567000 	C:\Windows\system32\SETUPAPI.dll
0x000007fefd730000 - 0x000007fefd766000 	C:\Windows\system32\CFGMGR32.dll
0x000007fefd780000 - 0x000007fefd79a000 	C:\Windows\system32\DEVOBJ.dll
0x000007fefbd70000 - 0x000007fefbdc6000 	C:\Windows\system32\uxtheme.dll
0x000007fefd500000 - 0x000007fefd50f000 	C:\Windows\system32\CRYPTBASE.dll
0x00000000750d0000 - 0x0000000075117000 	C:\Program Files\Java\jre1.8.0_121\bin\fontmanager.dll
0x0000000075270000 - 0x000000007528a000 	C:\Program Files\Java\jre1.8.0_121\bin\net.dll
0x000007fefce40000 - 0x000007fefce95000 	C:\Windows\system32\mswsock.dll
0x000007fefce30000 - 0x000007fefce37000 	C:\Windows\System32\wship6.dll
0x000000006ec50000 - 0x000000006ec61000 	C:\Program Files\Java\jre1.8.0_121\bin\nio.dll
0x0000000075080000 - 0x00000000750c2000 	C:\Program Files\Java\jre1.8.0_121\bin\t2k.dll
0x0000000001d00000 - 0x0000000001d65000 	C:\Program Files\ThinkPad\Bluetooth Software\btmmhook.dll
0x000007fefdaa0000 - 0x000007fefdb39000 	C:\Windows\system32\CLBCatQ.DLL
0x000007fefb640000 - 0x000007fefb7a1000 	C:\Windows\system32\WindowsCodecs.dll
0x000007fefd4a0000 - 0x000007fefd4f7000 	C:\Windows\system32\apphelp.dll
0x000007fefa250000 - 0x000007fefa298000 	C:\Users\Niall\AppData\Roaming\Dropbox\bin\DropboxExt64.15.0.dll
0x000007fefbdd0000 - 0x000007fefbefc000 	C:\Windows\system32\propsys.dll
0x000007fefbf00000 - 0x000007fefbf2d000 	C:\Windows\system32\ntmarta.dll
0x000007feffb90000 - 0x000007feffbe2000 	C:\Windows\system32\WLDAP32.dll
0x000007fef8e60000 - 0x000007fef8e7f000 	C:\Windows\system32\thumbcache.dll
0x000007fef8df0000 - 0x000007fef8e5b000 	C:\Windows\system32\PhotoMetadataHandler.dll
0x000007fef8500000 - 0x000007fef8535000 	C:\Windows\system32\EhStorShell.dll
0x0000000075050000 - 0x000000007507a000 	C:\Program Files\Java\jre1.8.0_121\bin\dcpr.dll

VM Arguments:
jvm_args: -Dfile.encoding=Cp1252 
java_command: vectorTo2D.VectorApplet
java_class_path (initial): C:\Users\Niall\Dropbox\dev\Java\vectorTo2D\bin
Launcher Type: SUN_STANDARD

Environment Variables:
PATH=C:/Program Files/Java/jre1.8.0_121/bin/server;C:/Program Files/Java/jre1.8.0_121/bin;C:/Program Files/Java/jre1.8.0_121/lib/amd64;C:\ProgramData\Oracle\Java\javapath;C:\Program Files (x86)\Google\Chrome\Application;C:\Windows\system32;C:\Windows;C:\Windows\System32\Wbem;C:\Windows\System32\WindowsPowerShell\v1.0\;C:\Program Files\Intel\WiFi\bin\;C:\Program Files\Common Files\Intel\WirelessCommon\;C:\Program Files\Microsoft SQL Server\110\Tools\Binn\;C:\Program Files\ThinkPad\Bluetooth Software\;C:\Program Files\ThinkPad\Bluetooth Software\syswow64;C:\Program Files (x86)\GTK2-Runtime\bin;C:\Program Files\mingw-w64\i686-5.1.0-release-posix-dwarf-rt_v4-rev0\mingw32\bin;C:\Program Files\mingw-w64\i686-5.1.0-release-posix-dwarf-rt_v4-rev0\mingw32\msys\bin;C:\Program Files\Intel\WiFi\bin\;C:\Program Files\Common Files\Intel\WirelessCommon\;C:\Users\Niall\AppData\Local\Code\bin;C:\adb;C:\Program Files (x86)\Common Files\Adobe\AGL;C:\Program Files\Intel\WiFi\bin\;C:\Program Files\Common Files\Intel\WirelessCommon\;C:\Users\Niall\AppData\Local\Code\bin;C:\Users\Niall\Desktop;
USERNAME=Niall
OS=Windows_NT
PROCESSOR_IDENTIFIER=Intel64 Family 6 Model 37 Stepping 5, GenuineIntel



---------------  S Y S T E M  ---------------

OS: Windows 7 , 64 bit Build 7601 (6.1.7601.23418)

CPU:total 4 (2 cores per cpu, 2 threads per core) family 6 model 37 stepping 5, cmov, cx8, fxsr, mmx, sse, sse2, sse3, ssse3, sse4.1, sse4.2, popcnt, aes, clmul, ht, tsc, tscinvbit

Memory: 4k page, physical 6082224k(487268k free), swap 13033724k(4784k free)

vm_info: Java HotSpot(TM) 64-Bit Server VM (25.121-b13) for windows-amd64 JRE (1.8.0_121-b13), built on Dec 12 2016 18:21:36 by "java_re" with MS VC++ 10.0 (VS2010)

time: Tue Apr 11 21:59:07 2017
elapsed time: 3 seconds (0d 0h 0m 3s)

